[dix] Could not init font path element /usr/share/fonts/X11/cyrillic, removing from list!
[dix] Could not init font path element /usr/share/fonts/X11/100dpi/:unscaled, removing from list!
[dix] Could not init font path element /usr/share/fonts/X11/75dpi/:unscaled, removing from list!
[dix] Could not init font path element /usr/share/fonts/X11/100dpi, removing from list!
[dix] Could not init font path element /usr/share/fonts/X11/75dpi, removing from list!
5 XSELINUXs still allocated at reset
SCREEN: 0 objects of 176 bytes = 0 total bytes 0 private allocs
DEVICE: 4 objects of 48 bytes = 192 total bytes 0 private allocs
CLIENT: 0 objects of 168 bytes = 0 total bytes 0 private allocs
WINDOW: 0 objects of 48 bytes = 0 total bytes 0 private allocs
PIXMAP: 1 objects of 16 bytes = 16 total bytes 0 private allocs
GC: 0 objects of 56 bytes = 0 total bytes 0 private allocs
CURSOR: 0 objects of 8 bytes = 0 total bytes 0 private allocs
CURSOR_BITS: 0 objects of 8 bytes = 0 total bytes 0 private allocs
DBE_WINDOW: 0 objects of 24 bytes = 0 total bytes 0 private allocs
TOTAL: 5 objects, 208 bytes, 0 allocs
4 DEVICEs still allocated at reset
DEVICE: 4 objects of 48 bytes = 192 total bytes 0 private allocs
CLIENT: 0 objects of 168 bytes = 0 total bytes 0 private allocs
WINDOW: 0 objects of 48 bytes = 0 total bytes 0 private allocs
PIXMAP: 1 objects of 16 bytes = 16 total bytes 0 private allocs
GC: 0 objects of 56 bytes = 0 total bytes 0 private allocs
CURSOR: 0 objects of 8 bytes = 0 total bytes 0 private allocs
CURSOR_BITS: 0 objects of 8 bytes = 0 total bytes 0 private allocs
DBE_WINDOW: 0 objects of 24 bytes = 0 total bytes 0 private allocs
TOTAL: 5 objects, 208 bytes, 0 allocs
1 PIXMAPs still allocated at reset
PIXMAP: 1 objects of 16 bytes = 16 total bytes 0 private allocs
GC: 0 objects of 56 bytes = 0 total bytes 0 private allocs
CURSOR: 0 objects of 8 bytes = 0 total bytes 0 private allocs
CURSOR_BITS: 0 objects of 8 bytes = 0 total bytes 0 private allocs
DBE_WINDOW: 0 objects of 24 bytes = 0 total bytes 0 private allocs
TOTAL: 1 objects, 16 bytes, 0 allocs
[dix] Could not init font path element /usr/share/fonts/X11/cyrillic, removing from list!
[dix] Could not init font path element /usr/share/fonts/X11/100dpi/:unscaled, removing from list!
[dix] Could not init font path element /usr/share/fonts/X11/75dpi/:unscaled, removing from list!
[dix] Could not init font path element /usr/share/fonts/X11/100dpi, removing from list!
[dix] Could not init font path element /usr/share/fonts/X11/75dpi, removing from list!
5 XSELINUXs still allocated at reset
SCREEN: 0 objects of 176 bytes = 0 total bytes 0 private allocs
DEVICE: 4 objects of 48 bytes = 192 total bytes 0 private allocs
CLIENT: 0 objects of 168 bytes = 0 total bytes 0 private allocs
WINDOW: 0 objects of 48 bytes = 0 total bytes 0 private allocs
PIXMAP: 1 objects of 16 bytes = 16 total bytes 0 private allocs
GC: 0 objects of 56 bytes = 0 total bytes 0 private allocs
CURSOR: 0 objects of 8 bytes = 0 total bytes 0 private allocs
CURSOR_BITS: 0 objects of 8 bytes = 0 total bytes 0 private allocs
DBE_WINDOW: 0 objects of 24 bytes = 0 total bytes 0 private allocs
TOTAL: 5 objects, 208 bytes, 0 allocs
4 DEVICEs still allocated at reset
DEVICE: 4 objects of 48 bytes = 192 total bytes 0 private allocs
CLIENT: 0 objects of 168 bytes = 0 total bytes 0 private allocs
WINDOW: 0 objects of 48 bytes = 0 total bytes 0 private allocs
PIXMAP: 1 objects of 16 bytes = 16 total bytes 0 private allocs
GC: 0 objects of 56 bytes = 0 total bytes 0 private allocs
CURSOR: 0 objects of 8 bytes = 0 total bytes 0 private allocs
CURSOR_BITS: 0 objects of 8 bytes = 0 total bytes 0 private allocs
DBE_WINDOW: 0 objects of 24 bytes = 0 total bytes 0 private allocs
TOTAL: 5 objects, 208 bytes, 0 allocs
1 PIXMAPs still allocated at reset
PIXMAP: 1 objects of 16 bytes = 16 total bytes 0 private allocs
GC: 0 objects of 56 bytes = 0 total bytes 0 private allocs
CURSOR: 0 objects of 8 bytes = 0 total bytes 0 private allocs
CURSOR_BITS: 0 objects of 8 bytes = 0 total bytes 0 private allocs
DBE_WINDOW: 0 objects of 24 bytes = 0 total bytes 0 private allocs
TOTAL: 1 objects, 16 bytes, 0 allocs
[dix] Could not init font path element /usr/share/fonts/X11/cyrillic, removing from list!
[dix] Could not init font path element /usr/share/fonts/X11/100dpi/:unscaled, removing from list!
[dix] Could not init font path element /usr/share/fonts/X11/75dpi/:unscaled, removing from list!
[dix] Could not init font path element /usr/share/fonts/X11/100dpi, removing from list!
[dix] Could not init font path element /usr/share/fonts/X11/75dpi, removing from list!
5 XSELINUXs still allocated at reset
SCREEN: 0 objects of 176 bytes = 0 total bytes 0 private allocs
DEVICE: 4 objects of 48 bytes = 192 total bytes 0 private allocs
CLIENT: 0 objects of 168 bytes = 0 total bytes 0 private allocs
WINDOW: 0 objects of 48 bytes = 0 total bytes 0 private allocs
PIXMAP: 1 objects of 16 bytes = 16 total bytes 0 private allocs
GC: 0 objects of 56 bytes = 0 total bytes 0 private allocs
CURSOR: 0 objects of 8 bytes = 0 total bytes 0 private allocs
CURSOR_BITS: 0 objects of 8 bytes = 0 total bytes 0 private allocs
DBE_WINDOW: 0 objects of 24 bytes = 0 total bytes 0 private allocs
TOTAL: 5 objects, 208 bytes, 0 allocs
4 DEVICEs still allocated at reset
DEVICE: 4 objects of 48 bytes = 192 total bytes 0 private allocs
CLIENT: 0 objects of 168 bytes = 0 total bytes 0 private allocs
WINDOW: 0 objects of 48 bytes = 0 total bytes 0 private allocs
PIXMAP: 1 objects of 16 bytes = 16 total bytes 0 private allocs
GC: 0 objects of 56 bytes = 0 total bytes 0 private allocs
CURSOR: 0 objects of 8 bytes = 0 total bytes 0 private allocs
CURSOR_BITS: 0 objects of 8 bytes = 0 total bytes 0 private allocs
DBE_WINDOW: 0 objects of 24 bytes = 0 total bytes 0 private allocs
TOTAL: 5 objects, 208 bytes, 0 allocs
1 PIXMAPs still allocated at reset
PIXMAP: 1 objects of 16 bytes = 16 total bytes 0 private allocs
GC: 0 objects of 56 bytes = 0 total bytes 0 private allocs
CURSOR: 0 objects of 8 bytes = 0 total bytes 0 private allocs
CURSOR_BITS: 0 objects of 8 bytes = 0 total bytes 0 private allocs
DBE_WINDOW: 0 objects of 24 bytes = 0 total bytes 0 private allocs
TOTAL: 1 objects, 16 bytes, 0 allocs
[dix] Could not init font path element /usr/share/fonts/X11/cyrillic, removing from list!
[dix] Could not init font path element /usr/share/fonts/X11/100dpi/:unscaled, removing from list!
[dix] Could not init font path element /usr/share/fonts/X11/75dpi/:unscaled, removing from list!
[dix] Could not init font path element /usr/share/fonts/X11/100dpi, removing from list!
[dix] Could not init font path element /usr/share/fonts/X11/75dpi, removing from list!
5 XSELINUXs still allocated at reset
SCREEN: 0 objects of 176 bytes = 0 total bytes 0 private allocs
DEVICE: 4 objects of 48 bytes = 192 total bytes 0 private allocs
CLIENT: 0 objects of 168 bytes = 0 total bytes 0 private allocs
WINDOW: 0 objects of 48 bytes = 0 total bytes 0 private allocs
PIXMAP: 1 objects of 16 bytes = 16 total bytes 0 private allocs
GC: 0 objects of 56 bytes = 0 total bytes 0 private allocs
CURSOR: 0 objects of 8 bytes = 0 total bytes 0 private allocs
CURSOR_BITS: 0 objects of 8 bytes = 0 total bytes 0 private allocs
DBE_WINDOW: 0 objects of 24 bytes = 0 total bytes 0 private allocs
TOTAL: 5 objects, 208 bytes, 0 allocs
4 DEVICEs still allocated at reset
DEVICE: 4 objects of 48 bytes = 192 total bytes 0 private allocs
CLIENT: 0 objects of 168 bytes = 0 total bytes 0 private allocs
WINDOW: 0 objects of 48 bytes = 0 total bytes 0 private allocs
PIXMAP: 1 objects of 16 bytes = 16 total bytes 0 private allocs
GC: 0 objects of 56 bytes = 0 total bytes 0 private allocs
CURSOR: 0 objects of 8 bytes = 0 total bytes 0 private allocs
CURSOR_BITS: 0 objects of 8 bytes = 0 total bytes 0 private allocs
DBE_WINDOW: 0 objects of 24 bytes = 0 total bytes 0 private allocs
TOTAL: 5 objects, 208 bytes, 0 allocs
1 PIXMAPs still allocated at reset
PIXMAP: 1 objects of 16 bytes = 16 total bytes 0 private allocs
GC: 0 objects of 56 bytes = 0 total bytes 0 private allocs
CURSOR: 0 objects of 8 bytes = 0 total bytes 0 private allocs
CURSOR_BITS: 0 objects of 8 bytes = 0 total bytes 0 private allocs
DBE_WINDOW: 0 objects of 24 bytes = 0 total bytes 0 private allocs
TOTAL: 1 objects, 16 bytes, 0 allocs
[dix] Could not init font path element /usr/share/fonts/X11/cyrillic, removing from list!
[dix] Could not init font path element /usr/share/fonts/X11/100dpi/:unscaled, removing from list!
[dix] Could not init font path element /usr/share/fonts/X11/75dpi/:unscaled, removing from list!
[dix] Could not init font path element /usr/share/fonts/X11/100dpi, removing from list!
[dix] Could not init font path element /usr/share/fonts/X11/75dpi, removing from list!
5 XSELINUXs still allocated at reset
SCREEN: 0 objects of 176 bytes = 0 total bytes 0 private allocs
DEVICE: 4 objects of 48 bytes = 192 total bytes 0 private allocs
CLIENT: 0 objects of 168 bytes = 0 total bytes 0 private allocs
WINDOW: 0 objects of 48 bytes = 0 total bytes 0 private allocs
PIXMAP: 1 objects of 16 bytes = 16 total bytes 0 private allocs
GC: 0 objects of 56 bytes = 0 total bytes 0 private allocs
CURSOR: 0 objects of 8 bytes = 0 total bytes 0 private allocs
CURSOR_BITS: 0 objects of 8 bytes = 0 total bytes 0 private allocs
DBE_WINDOW: 0 objects of 24 bytes = 0 total bytes 0 private allocs
TOTAL: 5 objects, 208 bytes, 0 allocs
4 DEVICEs still allocated at reset
DEVICE: 4 objects of 48 bytes = 192 total bytes 0 private allocs
CLIENT: 0 objects of 168 bytes = 0 total bytes 0 private allocs
WINDOW: 0 objects of 48 bytes = 0 total bytes 0 private allocs
PIXMAP: 1 objects of 16 bytes = 16 total bytes 0 private allocs
GC: 0 objects of 56 bytes = 0 total bytes 0 private allocs
CURSOR: 0 objects of 8 bytes = 0 total bytes 0 private allocs
CURSOR_BITS: 0 objects of 8 bytes = 0 total bytes 0 private allocs
DBE_WINDOW: 0 objects of 24 bytes = 0 total bytes 0 private allocs
TOTAL: 5 objects, 208 bytes, 0 allocs
1 PIXMAPs still allocated at reset
PIXMAP: 1 objects of 16 bytes = 16 total bytes 0 private allocs
GC: 0 objects of 56 bytes = 0 total bytes 0 private allocs
CURSOR: 0 objects of 8 bytes = 0 total bytes 0 private allocs
CURSOR_BITS: 0 objects of 8 bytes = 0 total bytes 0 private allocs
DBE_WINDOW: 0 objects of 24 bytes = 0 total bytes 0 private allocs
TOTAL: 1 objects, 16 bytes, 0 allocs
[dix] Could not init font path element /usr/share/fonts/X11/cyrillic, removing from list!
[dix] Could not init font path element /usr/share/fonts/X11/100dpi/:unscaled, removing from list!
[dix] Could not init font path element /usr/share/fonts/X11/75dpi/:unscaled, removing from list!
[dix] Could not init font path element /usr/share/fonts/X11/100dpi, removing from list!
[dix] Could not init font path element /usr/share/fonts/X11/75dpi, removing from list!
5 XSELINUXs still allocated at reset
SCREEN: 0 objects of 176 bytes = 0 total bytes 0 private allocs
DEVICE: 4 objects of 48 bytes = 192 total bytes 0 private allocs
CLIENT: 0 objects of 168 bytes = 0 total bytes 0 private allocs
WINDOW: 0 objects of 48 bytes = 0 total bytes 0 private allocs
PIXMAP: 1 objects of 16 bytes = 16 total bytes 0 private allocs
GC: 0 objects of 56 bytes = 0 total bytes 0 private allocs
CURSOR: 0 objects of 8 bytes = 0 total bytes 0 private allocs
CURSOR_BITS: 0 objects of 8 bytes = 0 total bytes 0 private allocs
DBE_WINDOW: 0 objects of 24 bytes = 0 total bytes 0 private allocs
TOTAL: 5 objects, 208 bytes, 0 allocs
4 DEVICEs still allocated at reset
DEVICE: 4 objects of 48 bytes = 192 total bytes 0 private allocs
CLIENT: 0 objects of 168 bytes = 0 total bytes 0 private allocs
WINDOW: 0 objects of 48 bytes = 0 total bytes 0 private allocs
PIXMAP: 1 objects of 16 bytes = 16 total bytes 0 private allocs
GC: 0 objects of 56 bytes = 0 total bytes 0 private allocs
CURSOR: 0 objects of 8 bytes = 0 total bytes 0 private allocs
CURSOR_BITS: 0 objects of 8 bytes = 0 total bytes 0 private allocs
DBE_WINDOW: 0 objects of 24 bytes = 0 total bytes 0 private allocs
TOTAL: 5 objects, 208 bytes, 0 allocs
1 PIXMAPs still allocated at reset
PIXMAP: 1 objects of 16 bytes = 16 total bytes 0 private allocs
GC: 0 objects of 56 bytes = 0 total bytes 0 private allocs
CURSOR: 0 objects of 8 bytes = 0 total bytes 0 private allocs
CURSOR_BITS: 0 objects of 8 bytes = 0 total bytes 0 private allocs
DBE_WINDOW: 0 objects of 24 bytes = 0 total bytes 0 private allocs
TOTAL: 1 objects, 16 bytes, 0 allocs
[dix] Could not init font path element /usr/share/fonts/X11/cyrillic, removing from list!
[dix] Could not init font path element /usr/share/fonts/X11/100dpi/:unscaled, removing from list!
[dix] Could not init font path element /usr/share/fonts/X11/75dpi/:unscaled, removing from list!
[dix] Could not init font path element /usr/share/fonts/X11/100dpi, removing from list!
[dix] Could not init font path element /usr/share/fonts/X11/75dpi, removing from list!
5 XSELINUXs still allocated at reset
SCREEN: 0 objects of 176 bytes = 0 total bytes 0 private allocs
DEVICE: 4 objects of 48 bytes = 192 total bytes 0 private allocs
CLIENT: 0 objects of 168 bytes = 0 total bytes 0 private allocs
WINDOW: 0 objects of 48 bytes = 0 total bytes 0 private allocs
PIXMAP: 1 objects of 16 bytes = 16 total bytes 0 private allocs
GC: 0 objects of 56 bytes = 0 total bytes 0 private allocs
CURSOR: 0 objects of 8 bytes = 0 total bytes 0 private allocs
CURSOR_BITS: 0 objects of 8 bytes = 0 total bytes 0 private allocs
DBE_WINDOW: 0 objects of 24 bytes = 0 total bytes 0 private allocs
TOTAL: 5 objects, 208 bytes, 0 allocs
4 DEVICEs still allocated at reset
DEVICE: 4 objects of 48 bytes = 192 total bytes 0 private allocs
CLIENT: 0 objects of 168 bytes = 0 total bytes 0 private allocs
WINDOW: 0 objects of 48 bytes = 0 total bytes 0 private allocs
PIXMAP: 1 objects of 16 bytes = 16 total bytes 0 private allocs
GC: 0 objects of 56 bytes = 0 total bytes 0 private allocs
CURSOR: 0 objects of 8 bytes = 0 total bytes 0 private allocs
CURSOR_BITS: 0 objects of 8 bytes = 0 total bytes 0 private allocs
DBE_WINDOW: 0 objects of 24 bytes = 0 total bytes 0 private allocs
TOTAL: 5 objects, 208 bytes, 0 allocs
1 PIXMAPs still allocated at reset
PIXMAP: 1 objects of 16 bytes = 16 total bytes 0 private allocs
GC: 0 objects of 56 bytes = 0 total bytes 0 private allocs
CURSOR: 0 objects of 8 bytes = 0 total bytes 0 private allocs
CURSOR_BITS: 0 objects of 8 bytes = 0 total bytes 0 private allocs
DBE_WINDOW: 0 objects of 24 bytes = 0 total bytes 0 private allocs
TOTAL: 1 objects, 16 bytes, 0 allocs
[dix] Could not init font path element /usr/share/fonts/X11/cyrillic, removing from list!
[dix] Could not init font path element /usr/share/fonts/X11/100dpi/:unscaled, removing from list!
[dix] Could not init font path element /usr/share/fonts/X11/75dpi/:unscaled, removing from list!
[dix] Could not init font path element /usr/share/fonts/X11/100dpi, removing from list!
[dix] Could not init font path element /usr/share/fonts/X11/75dpi, removing from list!
5 XSELINUXs still allocated at reset
SCREEN: 0 objects of 176 bytes = 0 total bytes 0 private allocs
DEVICE: 4 objects of 48 bytes = 192 total bytes 0 private allocs
CLIENT: 0 objects of 168 bytes = 0 total bytes 0 private allocs
WINDOW: 0 objects of 48 bytes = 0 total bytes 0 private allocs
PIXMAP: 1 objects of 16 bytes = 16 total bytes 0 private allocs
GC: 0 objects of 56 bytes = 0 total bytes 0 private allocs
CURSOR: 0 objects of 8 bytes = 0 total bytes 0 private allocs
CURSOR_BITS: 0 objects of 8 bytes = 0 total bytes 0 private allocs
DBE_WINDOW: 0 objects of 24 bytes = 0 total bytes 0 private allocs
TOTAL: 5 objects, 208 bytes, 0 allocs
4 DEVICEs still allocated at reset
DEVICE: 4 objects of 48 bytes = 192 total bytes 0 private allocs
CLIENT: 0 objects of 168 bytes = 0 total bytes 0 private allocs
WINDOW: 0 objects of 48 bytes = 0 total bytes 0 private allocs
PIXMAP: 1 objects of 16 bytes = 16 total bytes 0 private allocs
GC: 0 objects of 56 bytes = 0 total bytes 0 private allocs
CURSOR: 0 objects of 8 bytes = 0 total bytes 0 private allocs
CURSOR_BITS: 0 objects of 8 bytes = 0 total bytes 0 private allocs
DBE_WINDOW: 0 objects of 24 bytes = 0 total bytes 0 private allocs
TOTAL: 5 objects, 208 bytes, 0 allocs
1 PIXMAPs still allocated at reset
PIXMAP: 1 objects of 16 bytes = 16 total bytes 0 private allocs
GC: 0 objects of 56 bytes = 0 total bytes 0 private allocs
CURSOR: 0 objects of 8 bytes = 0 total bytes 0 private allocs
CURSOR_BITS: 0 objects of 8 bytes = 0 total bytes 0 private allocs
DBE_WINDOW: 0 objects of 24 bytes = 0 total bytes 0 private allocs
TOTAL: 1 objects, 16 bytes, 0 allocs
(EE) GLX: could not load software renderer
[dix] Could not init font path element /usr/share/fonts/X11/cyrillic, removing from list!
[dix] Could not init font path element /usr/share/fonts/X11/100dpi/:unscaled, removing from list!
[dix] Could not init font path element /usr/share/fonts/X11/75dpi/:unscaled, removing from list!
[dix] Could not init font path element /usr/share/fonts/X11/100dpi, removing from list!
[dix] Could not init font path element /usr/share/fonts/X11/75dpi, removing from list!
5 XSELINUXs still allocated at reset
SCREEN: 0 objects of 168 bytes = 0 total bytes 0 private allocs
DEVICE: 4 objects of 48 bytes = 192 total bytes 0 private allocs
CLIENT: 0 objects of 168 bytes = 0 total bytes 0 private allocs
WINDOW: 0 objects of 48 bytes = 0 total bytes 0 private allocs
PIXMAP: 1 objects of 16 bytes = 16 total bytes 0 private allocs
GC: 0 objects of 56 bytes = 0 total bytes 0 private allocs
CURSOR: 0 objects of 8 bytes = 0 total bytes 0 private allocs
CURSOR_BITS: 0 objects of 8 bytes = 0 total bytes 0 private allocs
DBE_WINDOW: 0 objects of 24 bytes = 0 total bytes 0 private allocs
TOTAL: 5 objects, 208 bytes, 0 allocs
4 DEVICEs still allocated at reset
DEVICE: 4 objects of 48 bytes = 192 total bytes 0 private allocs
CLIENT: 0 objects of 168 bytes = 0 total bytes 0 private allocs
WINDOW: 0 objects of 48 bytes = 0 total bytes 0 private allocs
PIXMAP: 1 objects of 16 bytes = 16 total bytes 0 private allocs
GC: 0 objects of 56 bytes = 0 total bytes 0 private allocs
CURSOR: 0 objects of 8 bytes = 0 total bytes 0 private allocs
CURSOR_BITS: 0 objects of 8 bytes = 0 total bytes 0 private allocs
DBE_WINDOW: 0 objects of 24 bytes = 0 total bytes 0 private allocs
TOTAL: 5 objects, 208 bytes, 0 allocs
1 PIXMAPs still allocated at reset
PIXMAP: 1 objects of 16 bytes = 16 total bytes 0 private allocs
GC: 0 objects of 56 bytes = 0 total bytes 0 private allocs
CURSOR: 0 objects of 8 bytes = 0 total bytes 0 private allocs
CURSOR_BITS: 0 objects of 8 bytes = 0 total bytes 0 private allocs
DBE_WINDOW: 0 objects of 24 bytes = 0 total bytes 0 private allocs
TOTAL: 1 objects, 16 bytes, 0 allocs
(EE) GLX: could not load software renderer
[dix] Could not init font path element /usr/share/fonts/X11/cyrillic, removing from list!
[dix] Could not init font path element /usr/share/fonts/X11/100dpi/:unscaled, removing from list!
[dix] Could not init font path element /usr/share/fonts/X11/75dpi/:unscaled, removing from list!
[dix] Could not init font path element /usr/share/fonts/X11/100dpi, removing from list!
[dix] Could not init font path element /usr/share/fonts/X11/75dpi, removing from list!
5 XSELINUXs still allocated at reset
SCREEN: 0 objects of 168 bytes = 0 total bytes 0 private allocs
DEVICE: 4 objects of 48 bytes = 192 total bytes 0 private allocs
CLIENT: 0 objects of 168 bytes = 0 total bytes 0 private allocs
WINDOW: 0 objects of 48 bytes = 0 total bytes 0 private allocs
PIXMAP: 1 objects of 16 bytes = 16 total bytes 0 private allocs
GC: 0 objects of 56 bytes = 0 total bytes 0 private allocs
CURSOR: 0 objects of 8 bytes = 0 total bytes 0 private allocs
CURSOR_BITS: 0 objects of 8 bytes = 0 total bytes 0 private allocs
DBE_WINDOW: 0 objects of 24 bytes = 0 total bytes 0 private allocs
TOTAL: 5 objects, 208 bytes, 0 allocs
4 DEVICEs still allocated at reset
DEVICE: 4 objects of 48 bytes = 192 total bytes 0 private allocs
CLIENT: 0 objects of 168 bytes = 0 total bytes 0 private allocs
WINDOW: 0 objects of 48 bytes = 0 total bytes 0 private allocs
PIXMAP: 1 objects of 16 bytes = 16 total bytes 0 private allocs
GC: 0 objects of 56 bytes = 0 total bytes 0 private allocs
CURSOR: 0 objects of 8 bytes = 0 total bytes 0 private allocs
CURSOR_BITS: 0 objects of 8 bytes = 0 total bytes 0 private allocs
DBE_WINDOW: 0 objects of 24 bytes = 0 total bytes 0 private allocs
TOTAL: 5 objects, 208 bytes, 0 allocs
1 PIXMAPs still allocated at reset
PIXMAP: 1 objects of 16 bytes = 16 total bytes 0 private allocs
GC: 0 objects of 56 bytes = 0 total bytes 0 private allocs
CURSOR: 0 objects of 8 bytes = 0 total bytes 0 private allocs
CURSOR_BITS: 0 objects of 8 bytes = 0 total bytes 0 private allocs
DBE_WINDOW: 0 objects of 24 bytes = 0 total bytes 0 private allocs
TOTAL: 1 objects, 16 bytes, 0 allocs
(EE) GLX: could not load software renderer
[dix] Could not init font path element /usr/share/fonts/X11/cyrillic, removing from list!
[dix] Could not init font path element /usr/share/fonts/X11/100dpi/:unscaled, removing from list!
[dix] Could not init font path element /usr/share/fonts/X11/75dpi/:unscaled, removing from list!
[dix] Could not init font path element /usr/share/fonts/X11/100dpi, removing from list!
[dix] Could not init font path element /usr/share/fonts/X11/75dpi, removing from list!
5 XSELINUXs still allocated at reset
SCREEN: 0 objects of 168 bytes = 0 total bytes 0 private allocs
DEVICE: 4 objects of 48 bytes = 192 total bytes 0 private allocs
CLIENT: 0 objects of 168 bytes = 0 total bytes 0 private allocs
WINDOW: 0 objects of 48 bytes = 0 total bytes 0 private allocs
PIXMAP: 1 objects of 16 bytes = 16 total bytes 0 private allocs
GC: 0 objects of 56 bytes = 0 total bytes 0 private allocs
CURSOR: 0 objects of 8 bytes = 0 total bytes 0 private allocs
CURSOR_BITS: 0 objects of 8 bytes = 0 total bytes 0 private allocs
DBE_WINDOW: 0 objects of 24 bytes = 0 total bytes 0 private allocs
TOTAL: 5 objects, 208 bytes, 0 allocs
4 DEVICEs still allocated at reset
DEVICE: 4 objects of 48 bytes = 192 total bytes 0 private allocs
CLIENT: 0 objects of 168 bytes = 0 total bytes 0 private allocs
WINDOW: 0 objects of 48 bytes = 0 total bytes 0 private allocs
PIXMAP: 1 objects of 16 bytes = 16 total bytes 0 private allocs
GC: 0 objects of 56 bytes = 0 total bytes 0 private allocs
CURSOR: 0 objects of 8 bytes = 0 total bytes 0 private allocs
CURSOR_BITS: 0 objects of 8 bytes = 0 total bytes 0 private allocs
DBE_WINDOW: 0 objects of 24 bytes = 0 total bytes 0 private allocs
TOTAL: 5 objects, 208 bytes, 0 allocs
1 PIXMAPs still allocated at reset
PIXMAP: 1 objects of 16 bytes = 16 total bytes 0 private allocs
GC: 0 objects of 56 bytes = 0 total bytes 0 private allocs
CURSOR: 0 objects of 8 bytes = 0 total bytes 0 private allocs
CURSOR_BITS: 0 objects of 8 bytes = 0 total bytes 0 private allocs
DBE_WINDOW: 0 objects of 24 bytes = 0 total bytes 0 private allocs
TOTAL: 1 objects, 16 bytes, 0 allocs
(EE) GLX: could not load software renderer
[dix] Could not init font path element /usr/share/fonts/X11/cyrillic, removing from list!
[dix] Could not init font path element /usr/share/fonts/X11/100dpi/:unscaled, removing from list!
[dix] Could not init font path element /usr/share/fonts/X11/75dpi/:unscaled, removing from list!
[dix] Could not init font path element /usr/share/fonts/X11/100dpi, removing from list!
[dix] Could not init font path element /usr/share/fonts/X11/75dpi, removing from list!
